<?xml version="1.0" encoding="UTF-8"?>
<!-- Generated by org.testng.reporters.JUnitReportReporter -->
<testsuite hostname="anamaria-PC" name="com.ejemplo.test.testEjemplo" tests="1" failures="0" timestamp="15 Mar 2016 02:03:42 GMT" time="95.652" errors="0">
  <testcase name="testHolaMundo" time="95.652" classname="com.ejemplo.test.testEjemplo"/>
</testsuite> <!-- com.ejemplo.test.testEjemplo -->
